Build started 17/12/2013 01:21:17.
     1>Project "C:\DevProjects\cocos2dx\projects\CaveHunter\proj.win32\CaveHunter.vcxproj" on node 2 (Build target(s)).
     1>ClCompile:
         E:\Programas\Microsoft Visual Studio 11.0\VC\bin\CL.exe /c /IC:\DevProjects\cocos2dx\projects\CaveHunter\proj.win32\..\..\..\cocos2dx /IC:\DevProjects\cocos2dx\projects\CaveHunter\proj.win32\..\..\..\cocos2dx\include /IC:\DevProjects\cocos2dx\projects\CaveHunter\proj.win32\..\..\..\cocos2dx\kazmath\include /IC:\DevProjects\cocos2dx\projects\CaveHunter\proj.win32\..\..\..\cocos2dx\platform\win32 /IC:\DevProjects\cocos2dx\projects\CaveHunter\proj.win32\..\..\..\cocos2dx\platform\third_party\win32 /IC:\DevProjects\cocos2dx\projects\CaveHunter\proj.win32\..\..\..\cocos2dx\platform\third_party\win32\OGLES /IC:\DevProjects\cocos2dx\projects\CaveHunter\proj.win32\..\..\..\external /IC:\DevProjects\cocos2dx\projects\CaveHunter\proj.win32\..\..\..\external\chipmunk\include\chipmunk /IC:\DevProjects\cocos2dx\projects\CaveHunter\proj.win32\..\..\..\CocosDenshion\include /IC:\DevProjects\cocos2dx\projects\CaveHunter\proj.win32\..\..\..\extensions /I..\Classes /I.. /ZI /nologo /W3 /WX- /MP /Od /Oy- /D WIN32 /D _DEBUG /D _WINDOWS /D _USE_MATH_DEFINES /D GL_GLEXT_PROTOTYPES /D CC_ENABLE_CHIPMUNK_INTEGRATION=1 /D COCOS2D_DEBUG=1 /D _CRT_SECURE_NO_WARNINGS /D _SCL_SECURE_NO_WARNINGS /D _UNICODE /D UNICODE /Gm- /EHsc /RTC1 /MDd /GS /fp:precise /Zc:wchar_t /Zc:forScope /Fo"Debug.win32\\" /Fd"Debug.win32\vc110.pdb" /Gd /TP /wd4267 /wd4251 /wd4244 /analyze- /errorReport:prompt ..\Classes\DTech\FiniteStateMachine\GameObjects\CollisionObject.cpp
         CollisionObject.cpp
     1>c:\devprojects\cocos2dx\projects\cavehunter\classes\dtech\finitestatemachine\entity\basegameentity.h(30): warning C4996: 'cocos2d::CCNode': was declared deprecated
                 c:\devprojects\cocos2dx\cocos2dx\include\ccdeprecated.h(573) : see declaration of 'cocos2d::CCNode'
     1>c:\devprojects\cocos2dx\projects\cavehunter\classes\dtech\finitestatemachine\entity\basegameentity.h(34): warning C4996: 'cocos2d::CCNode': was declared deprecated
                 c:\devprojects\cocos2dx\cocos2dx\include\ccdeprecated.h(573) : see declaration of 'cocos2d::CCNode'
                 c:\devprojects\cocos2dx\cocos2dx\include\ccdeprecated.h(573) : see declaration of 'cocos2d::CCNode'
     1>c:\devprojects\cocos2dx\projects\cavehunter\classes\dtech\finitestatemachine\entity\basegameentity.h(48): warning C4996: 'cocos2d::CCNode': was declared deprecated
                 c:\devprojects\cocos2dx\cocos2dx\include\ccdeprecated.h(573) : see declaration of 'cocos2d::CCNode'
     1>c:\devprojects\cocos2dx\projects\cavehunter\classes\dtech\finitestatemachine\entity\basegameentity.h(41): warning C4996: 'cocos2d::CCNode': was declared deprecated
                 c:\devprojects\cocos2dx\cocos2dx\include\ccdeprecated.h(573) : see declaration of 'cocos2d::CCNode'
                 c:\devprojects\cocos2dx\cocos2dx\include\ccdeprecated.h(573) : see declaration of 'cocos2d::CCNode'
       PreLinkEvent:
         if not exist "C:\DevProjects\cocos2dx\projects\CaveHunter\proj.win32\Debug.win32\" mkdir "C:\DevProjects\cocos2dx\projects\CaveHunter\proj.win32\Debug.win32\"
         xcopy /Y /Q "C:\DevProjects\cocos2dx\projects\CaveHunter\proj.win32\..\..\..\external\libwebsockets\win32\lib\*.*" "C:\DevProjects\cocos2dx\projects\CaveHunter\proj.win32\Debug.win32\"
         :VCEnd
         2 arquivo(s) copiado(s)
       Link:
         E:\Programas\Microsoft Visual Studio 11.0\VC\bin\link.exe /ERRORREPORT:PROMPT /OUT:"C:\DevProjects\cocos2dx\projects\CaveHunter\proj.win32\Debug.win32\CaveHunter.exe" /INCREMENTAL /NOLOGO /LIBPATH:C:\DevProjects\cocos2dx\projects\CaveHunter\proj.win32\Debug.win32\ /LIBPATH:C:\DevProjects\cocos2dx\projects\CaveHunter\proj.win32\Debug.win32\ libExtensions.lib libcocos2d.lib libCocosDenshion.lib libBox2d.lib libchipmunk.lib libcurl_imp.lib websockets.lib opengl32.lib glew32.lib libzlib.lib libpng.lib libjpeg.lib libtiff.lib libwebp.lib libiconv.lib winmm.lib kernel32.lib user32.lib gdi32.lib winspool.lib comdlg32.lib advapi32.lib shell32.lib ole32.lib oleaut32.lib uuid.lib odbc32.lib odbccp32.lib /MANIFEST /MANIFESTUAC:"level='asInvoker' uiAccess='false'" /manifest:embed /DEBUG /PDB:"C:\DevProjects\cocos2dx\projects\CaveHunter\proj.win32\Debug.win32\CaveHunter.pdb" /SUBSYSTEM:WINDOWS /TLBID:1 /DYNAMICBASE /NXCOMPAT /IMPLIB:"C:\DevProjects\cocos2dx\projects\CaveHunter\proj.win32\Debug.win32\CaveHunter.lib" /MACHINE:X86 /SAFESEH Debug.win32\AppDelegate.obj
         Debug.win32\BaseGameEntity.obj
         Debug.win32\EntityManager.obj
         Debug.win32\StateMachine.obj
         Debug.win32\CollisionObject.obj
         Debug.win32\GameObject.obj
         Debug.win32\Message.obj
         Debug.win32\MessageDispatcher.obj
         Debug.win32\TimeCounter.obj
         Debug.win32\MainCharacter.obj
         Debug.win32\TestStates.obj
         Debug.win32\Platform.obj
         Debug.win32\GameplayScene.obj
         Debug.win32\main.obj
         C:\DevProjects\cocos2dx\projects\CaveHunter\proj.win32\Debug.win32\libcocos2d.lib
         C:\DevProjects\cocos2dx\projects\CaveHunter\proj.win32\Debug.win32\libCocosDenshion.lib
         C:\DevProjects\cocos2dx\projects\CaveHunter\proj.win32\Debug.win32\libExtensions.lib
         C:\DevProjects\cocos2dx\projects\CaveHunter\proj.win32\Debug.win32\libBox2D.lib
         C:\DevProjects\cocos2dx\projects\CaveHunter\proj.win32\Debug.win32\libchipmunk.lib
         CaveHunter.vcxproj -> C:\DevProjects\cocos2dx\projects\CaveHunter\proj.win32\Debug.win32\CaveHunter.exe
     1>Done Building Project "C:\DevProjects\cocos2dx\projects\CaveHunter\proj.win32\CaveHunter.vcxproj" (Build target(s)).

Build succeeded.

Time Elapsed 00:00:10.33
